

Started GET "/menu/testmenu" for 127.0.0.1 at 2012-04-03 15:14:12 +0700

ActionController::RoutingError (No route matches [GET] "/menu/testmenu"):
  actionpack (3.2.1) lib/action_dispatch/middleware/debug_exceptions.rb:21:in `call'
  actionpack (3.2.1) lib/action_dispatch/middleware/show_exceptions.rb:56:in `call'
  railties (3.2.1) lib/rails/rack/logger.rb:26:in `call_app'
  railties (3.2.1) lib/rails/rack/logger.rb:16:in `call'
  actionpack (3.2.1) lib/action_dispatch/middleware/request_id.rb:22:in `call'
  rack (1.4.1) lib/rack/methodoverride.rb:21:in `call'
  rack (1.4.1) lib/rack/runtime.rb:17:in `call'
  activesupport (3.2.1) lib/active_support/cache/strategy/local_cache.rb:72:in `call'
  rack (1.4.1) lib/rack/lock.rb:15:in `call'
  actionpack (3.2.1) lib/action_dispatch/middleware/static.rb:53:in `call'
  railties (3.2.1) lib/rails/engine.rb:479:in `call'
  railties (3.2.1) lib/rails/application.rb:220:in `call'
  rack (1.4.1) lib/rack/content_length.rb:14:in `call'
  railties (3.2.1) lib/rails/rack/log_tailer.rb:14:in `call'
  rack (1.4.1) lib/rack/handler/webrick.rb:59:in `service'
  C:/Ruby19/lib/ruby/1.9.1/webrick/httpserver.rb:138:in `service'
  C:/Ruby19/lib/ruby/1.9.1/webrick/httpserver.rb:94:in `run'
  C:/Ruby19/lib/ruby/1.9.1/webrick/server.rb:191:in `block in start_thread'


  Rendered C:/Ruby19/lib/ruby/gems/1.9.1/gems/actionpack-3.2.1/lib/action_dispatch/middleware/templates/rescues/routing_error.erb within rescues/layout (21.0ms)


Started GET "/assets/rails.png" for 127.0.0.1 at 2012-04-03 15:14:17 +0700
Served asset /rails.png - 304 Not Modified (314ms)


Started GET "/assets/rails.png" for 127.0.0.1 at 2012-04-03 15:30:46 +0700
Served asset /rails.png - 304 Not Modified (0ms)


Started GET "/admin/admin" for 127.0.0.1 at 2012-04-03 15:30:53 +0700

ActionController::RoutingError (No route matches [GET] "/admin/admin"):
  actionpack (3.2.1) lib/action_dispatch/middleware/debug_exceptions.rb:21:in `call'
  actionpack (3.2.1) lib/action_dispatch/middleware/show_exceptions.rb:56:in `call'
  railties (3.2.1) lib/rails/rack/logger.rb:26:in `call_app'
  railties (3.2.1) lib/rails/rack/logger.rb:16:in `call'
  actionpack (3.2.1) lib/action_dispatch/middleware/request_id.rb:22:in `call'
  rack (1.4.1) lib/rack/methodoverride.rb:21:in `call'
  rack (1.4.1) lib/rack/runtime.rb:17:in `call'
  activesupport (3.2.1) lib/active_support/cache/strategy/local_cache.rb:72:in `call'
  rack (1.4.1) lib/rack/lock.rb:15:in `call'
  actionpack (3.2.1) lib/action_dispatch/middleware/static.rb:53:in `call'
  railties (3.2.1) lib/rails/engine.rb:479:in `call'
  railties (3.2.1) lib/rails/application.rb:220:in `call'
  rack (1.4.1) lib/rack/content_length.rb:14:in `call'
  railties (3.2.1) lib/rails/rack/log_tailer.rb:14:in `call'
  rack (1.4.1) lib/rack/handler/webrick.rb:59:in `service'
  C:/Ruby19/lib/ruby/1.9.1/webrick/httpserver.rb:138:in `service'
  C:/Ruby19/lib/ruby/1.9.1/webrick/httpserver.rb:94:in `run'
  C:/Ruby19/lib/ruby/1.9.1/webrick/server.rb:191:in `block in start_thread'


  Rendered C:/Ruby19/lib/ruby/gems/1.9.1/gems/actionpack-3.2.1/lib/action_dispatch/middleware/templates/rescues/routing_error.erb within rescues/layout (1.0ms)


Started GET "/admin" for 127.0.0.1 at 2012-04-03 15:30:57 +0700

ActionController::RoutingError (No route matches [GET] "/admin"):
  actionpack (3.2.1) lib/action_dispatch/middleware/debug_exceptions.rb:21:in `call'
  actionpack (3.2.1) lib/action_dispatch/middleware/show_exceptions.rb:56:in `call'
  railties (3.2.1) lib/rails/rack/logger.rb:26:in `call_app'
  railties (3.2.1) lib/rails/rack/logger.rb:16:in `call'
  actionpack (3.2.1) lib/action_dispatch/middleware/request_id.rb:22:in `call'
  rack (1.4.1) lib/rack/methodoverride.rb:21:in `call'
  rack (1.4.1) lib/rack/runtime.rb:17:in `call'
  activesupport (3.2.1) lib/active_support/cache/strategy/local_cache.rb:72:in `call'
  rack (1.4.1) lib/rack/lock.rb:15:in `call'
  actionpack (3.2.1) lib/action_dispatch/middleware/static.rb:53:in `call'
  railties (3.2.1) lib/rails/engine.rb:479:in `call'
  railties (3.2.1) lib/rails/application.rb:220:in `call'
  rack (1.4.1) lib/rack/content_length.rb:14:in `call'
  railties (3.2.1) lib/rails/rack/log_tailer.rb:14:in `call'
  rack (1.4.1) lib/rack/handler/webrick.rb:59:in `service'
  C:/Ruby19/lib/ruby/1.9.1/webrick/httpserver.rb:138:in `service'
  C:/Ruby19/lib/ruby/1.9.1/webrick/httpserver.rb:94:in `run'
  C:/Ruby19/lib/ruby/1.9.1/webrick/server.rb:191:in `block in start_thread'


  Rendered C:/Ruby19/lib/ruby/gems/1.9.1/gems/actionpack-3.2.1/lib/action_dispatch/middleware/templates/rescues/routing_error.erb within rescues/layout (0.0ms)


Started GET "/admin" for 127.0.0.1 at 2012-04-03 15:32:00 +0700

ActionController::RoutingError (No route matches [GET] "/admin"):
  actionpack (3.2.1) lib/action_dispatch/middleware/debug_exceptions.rb:21:in `call'
  actionpack (3.2.1) lib/action_dispatch/middleware/show_exceptions.rb:56:in `call'
  railties (3.2.1) lib/rails/rack/logger.rb:26:in `call_app'
  railties (3.2.1) lib/rails/rack/logger.rb:16:in `call'
  actionpack (3.2.1) lib/action_dispatch/middleware/request_id.rb:22:in `call'
  rack (1.4.1) lib/rack/methodoverride.rb:21:in `call'
  rack (1.4.1) lib/rack/runtime.rb:17:in `call'
  activesupport (3.2.1) lib/active_support/cache/strategy/local_cache.rb:72:in `call'
  rack (1.4.1) lib/rack/lock.rb:15:in `call'
  actionpack (3.2.1) lib/action_dispatch/middleware/static.rb:53:in `call'
  railties (3.2.1) lib/rails/engine.rb:479:in `call'
  railties (3.2.1) lib/rails/application.rb:220:in `call'
  rack (1.4.1) lib/rack/content_length.rb:14:in `call'
  railties (3.2.1) lib/rails/rack/log_tailer.rb:14:in `call'
  rack (1.4.1) lib/rack/handler/webrick.rb:59:in `service'
  C:/Ruby19/lib/ruby/1.9.1/webrick/httpserver.rb:138:in `service'
  C:/Ruby19/lib/ruby/1.9.1/webrick/httpserver.rb:94:in `run'
  C:/Ruby19/lib/ruby/1.9.1/webrick/server.rb:191:in `block in start_thread'


  Rendered C:/Ruby19/lib/ruby/gems/1.9.1/gems/actionpack-3.2.1/lib/action_dispatch/middleware/templates/rescues/routing_error.erb within rescues/layout (0.0ms)


Started GET "/admin" for 127.0.0.1 at 2012-04-03 15:32:01 +0700

ActionController::RoutingError (No route matches [GET] "/admin"):
  actionpack (3.2.1) lib/action_dispatch/middleware/debug_exceptions.rb:21:in `call'
  actionpack (3.2.1) lib/action_dispatch/middleware/show_exceptions.rb:56:in `call'
  railties (3.2.1) lib/rails/rack/logger.rb:26:in `call_app'
  railties (3.2.1) lib/rails/rack/logger.rb:16:in `call'
  actionpack (3.2.1) lib/action_dispatch/middleware/request_id.rb:22:in `call'
  rack (1.4.1) lib/rack/methodoverride.rb:21:in `call'
  rack (1.4.1) lib/rack/runtime.rb:17:in `call'
  activesupport (3.2.1) lib/active_support/cache/strategy/local_cache.rb:72:in `call'
  rack (1.4.1) lib/rack/lock.rb:15:in `call'
  actionpack (3.2.1) lib/action_dispatch/middleware/static.rb:53:in `call'
  railties (3.2.1) lib/rails/engine.rb:479:in `call'
  railties (3.2.1) lib/rails/application.rb:220:in `call'
  rack (1.4.1) lib/rack/content_length.rb:14:in `call'
  railties (3.2.1) lib/rails/rack/log_tailer.rb:14:in `call'
  rack (1.4.1) lib/rack/handler/webrick.rb:59:in `service'
  C:/Ruby19/lib/ruby/1.9.1/webrick/httpserver.rb:138:in `service'
  C:/Ruby19/lib/ruby/1.9.1/webrick/httpserver.rb:94:in `run'
  C:/Ruby19/lib/ruby/1.9.1/webrick/server.rb:191:in `block in start_thread'


  Rendered C:/Ruby19/lib/ruby/gems/1.9.1/gems/actionpack-3.2.1/lib/action_dispatch/middleware/templates/rescues/routing_error.erb within rescues/layout (1.0ms)


Started GET "/assets/rails.png" for 127.0.0.1 at 2012-04-03 15:32:07 +0700
Served asset /rails.png - 304 Not Modified (1ms)


Started GET "/admin" for 127.0.0.1 at 2012-04-03 15:32:13 +0700

ActionController::RoutingError (No route matches [GET] "/admin"):
  actionpack (3.2.1) lib/action_dispatch/middleware/debug_exceptions.rb:21:in `call'
  actionpack (3.2.1) lib/action_dispatch/middleware/show_exceptions.rb:56:in `call'
  railties (3.2.1) lib/rails/rack/logger.rb:26:in `call_app'
  railties (3.2.1) lib/rails/rack/logger.rb:16:in `call'
  actionpack (3.2.1) lib/action_dispatch/middleware/request_id.rb:22:in `call'
  rack (1.4.1) lib/rack/methodoverride.rb:21:in `call'
  rack (1.4.1) lib/rack/runtime.rb:17:in `call'
  activesupport (3.2.1) lib/active_support/cache/strategy/local_cache.rb:72:in `call'
  rack (1.4.1) lib/rack/lock.rb:15:in `call'
  actionpack (3.2.1) lib/action_dispatch/middleware/static.rb:53:in `call'
  railties (3.2.1) lib/rails/engine.rb:479:in `call'
  railties (3.2.1) lib/rails/application.rb:220:in `call'
  rack (1.4.1) lib/rack/content_length.rb:14:in `call'
  railties (3.2.1) lib/rails/rack/log_tailer.rb:14:in `call'
  rack (1.4.1) lib/rack/handler/webrick.rb:59:in `service'
  C:/Ruby19/lib/ruby/1.9.1/webrick/httpserver.rb:138:in `service'
  C:/Ruby19/lib/ruby/1.9.1/webrick/httpserver.rb:94:in `run'
  C:/Ruby19/lib/ruby/1.9.1/webrick/server.rb:191:in `block in start_thread'


  Rendered C:/Ruby19/lib/ruby/gems/1.9.1/gems/actionpack-3.2.1/lib/action_dispatch/middleware/templates/rescues/routing_error.erb within rescues/layout (0.0ms)


Started GET "/admin/test" for 127.0.0.1 at 2012-04-03 15:32:16 +0700

ActionController::RoutingError (No route matches [GET] "/admin/test"):
  actionpack (3.2.1) lib/action_dispatch/middleware/debug_exceptions.rb:21:in `call'
  actionpack (3.2.1) lib/action_dispatch/middleware/show_exceptions.rb:56:in `call'
  railties (3.2.1) lib/rails/rack/logger.rb:26:in `call_app'
  railties (3.2.1) lib/rails/rack/logger.rb:16:in `call'
  actionpack (3.2.1) lib/action_dispatch/middleware/request_id.rb:22:in `call'
  rack (1.4.1) lib/rack/methodoverride.rb:21:in `call'
  rack (1.4.1) lib/rack/runtime.rb:17:in `call'
  activesupport (3.2.1) lib/active_support/cache/strategy/local_cache.rb:72:in `call'
  rack (1.4.1) lib/rack/lock.rb:15:in `call'
  actionpack (3.2.1) lib/action_dispatch/middleware/static.rb:53:in `call'
  railties (3.2.1) lib/rails/engine.rb:479:in `call'
  railties (3.2.1) lib/rails/application.rb:220:in `call'
  rack (1.4.1) lib/rack/content_length.rb:14:in `call'
  railties (3.2.1) lib/rails/rack/log_tailer.rb:14:in `call'
  rack (1.4.1) lib/rack/handler/webrick.rb:59:in `service'
  C:/Ruby19/lib/ruby/1.9.1/webrick/httpserver.rb:138:in `service'
  C:/Ruby19/lib/ruby/1.9.1/webrick/httpserver.rb:94:in `run'
  C:/Ruby19/lib/ruby/1.9.1/webrick/server.rb:191:in `block in start_thread'


  Rendered C:/Ruby19/lib/ruby/gems/1.9.1/gems/actionpack-3.2.1/lib/action_dispatch/middleware/templates/rescues/routing_error.erb within rescues/layout (1.0ms)


Started GET "/admin" for 127.0.0.1 at 2012-04-03 15:32:18 +0700

ActionController::RoutingError (No route matches [GET] "/admin"):
  actionpack (3.2.1) lib/action_dispatch/middleware/debug_exceptions.rb:21:in `call'
  actionpack (3.2.1) lib/action_dispatch/middleware/show_exceptions.rb:56:in `call'
  railties (3.2.1) lib/rails/rack/logger.rb:26:in `call_app'
  railties (3.2.1) lib/rails/rack/logger.rb:16:in `call'
  actionpack (3.2.1) lib/action_dispatch/middleware/request_id.rb:22:in `call'
  rack (1.4.1) lib/rack/methodoverride.rb:21:in `call'
  rack (1.4.1) lib/rack/runtime.rb:17:in `call'
  activesupport (3.2.1) lib/active_support/cache/strategy/local_cache.rb:72:in `call'
  rack (1.4.1) lib/rack/lock.rb:15:in `call'
  actionpack (3.2.1) lib/action_dispatch/middleware/static.rb:53:in `call'
  railties (3.2.1) lib/rails/engine.rb:479:in `call'
  railties (3.2.1) lib/rails/application.rb:220:in `call'
  rack (1.4.1) lib/rack/content_length.rb:14:in `call'
  railties (3.2.1) lib/rails/rack/log_tailer.rb:14:in `call'
  rack (1.4.1) lib/rack/handler/webrick.rb:59:in `service'
  C:/Ruby19/lib/ruby/1.9.1/webrick/httpserver.rb:138:in `service'
  C:/Ruby19/lib/ruby/1.9.1/webrick/httpserver.rb:94:in `run'
  C:/Ruby19/lib/ruby/1.9.1/webrick/server.rb:191:in `block in start_thread'


  Rendered C:/Ruby19/lib/ruby/gems/1.9.1/gems/actionpack-3.2.1/lib/action_dispatch/middleware/templates/rescues/routing_error.erb within rescues/layout (1.0ms)


Started GET "/admin" for 127.0.0.1 at 2012-04-03 15:33:25 +0700

ActionController::RoutingError (No route matches [GET] "/admin"):
  actionpack (3.2.1) lib/action_dispatch/middleware/debug_exceptions.rb:21:in `call'
  actionpack (3.2.1) lib/action_dispatch/middleware/show_exceptions.rb:56:in `call'
  railties (3.2.1) lib/rails/rack/logger.rb:26:in `call_app'
  railties (3.2.1) lib/rails/rack/logger.rb:16:in `call'
  actionpack (3.2.1) lib/action_dispatch/middleware/request_id.rb:22:in `call'
  rack (1.4.1) lib/rack/methodoverride.rb:21:in `call'
  rack (1.4.1) lib/rack/runtime.rb:17:in `call'
  activesupport (3.2.1) lib/active_support/cache/strategy/local_cache.rb:72:in `call'
  rack (1.4.1) lib/rack/lock.rb:15:in `call'
  actionpack (3.2.1) lib/action_dispatch/middleware/static.rb:53:in `call'
  railties (3.2.1) lib/rails/engine.rb:479:in `call'
  railties (3.2.1) lib/rails/application.rb:220:in `call'
  rack (1.4.1) lib/rack/content_length.rb:14:in `call'
  railties (3.2.1) lib/rails/rack/log_tailer.rb:14:in `call'
  rack (1.4.1) lib/rack/handler/webrick.rb:59:in `service'
  C:/Ruby19/lib/ruby/1.9.1/webrick/httpserver.rb:138:in `service'
  C:/Ruby19/lib/ruby/1.9.1/webrick/httpserver.rb:94:in `run'
  C:/Ruby19/lib/ruby/1.9.1/webrick/server.rb:191:in `block in start_thread'


  Rendered C:/Ruby19/lib/ruby/gems/1.9.1/gems/actionpack-3.2.1/lib/action_dispatch/middleware/templates/rescues/routing_error.erb within rescues/layout (0.0ms)


Started GET "/admin" for 127.0.0.1 at 2012-04-03 15:34:38 +0700

ActionController::RoutingError (No route matches [GET] "/admin"):
  actionpack (3.2.1) lib/action_dispatch/middleware/debug_exceptions.rb:21:in `call'
  actionpack (3.2.1) lib/action_dispatch/middleware/show_exceptions.rb:56:in `call'
  railties (3.2.1) lib/rails/rack/logger.rb:26:in `call_app'
  railties (3.2.1) lib/rails/rack/logger.rb:16:in `call'
  actionpack (3.2.1) lib/action_dispatch/middleware/request_id.rb:22:in `call'
  rack (1.4.1) lib/rack/methodoverride.rb:21:in `call'
  rack (1.4.1) lib/rack/runtime.rb:17:in `call'
  activesupport (3.2.1) lib/active_support/cache/strategy/local_cache.rb:72:in `call'
  rack (1.4.1) lib/rack/lock.rb:15:in `call'
  actionpack (3.2.1) lib/action_dispatch/middleware/static.rb:53:in `call'
  railties (3.2.1) lib/rails/engine.rb:479:in `call'
  railties (3.2.1) lib/rails/application.rb:220:in `call'
  rack (1.4.1) lib/rack/content_length.rb:14:in `call'
  railties (3.2.1) lib/rails/rack/log_tailer.rb:14:in `call'
  rack (1.4.1) lib/rack/handler/webrick.rb:59:in `service'
  C:/Ruby19/lib/ruby/1.9.1/webrick/httpserver.rb:138:in `service'
  C:/Ruby19/lib/ruby/1.9.1/webrick/httpserver.rb:94:in `run'
  C:/Ruby19/lib/ruby/1.9.1/webrick/server.rb:191:in `block in start_thread'


  Rendered C:/Ruby19/lib/ruby/gems/1.9.1/gems/actionpack-3.2.1/lib/action_dispatch/middleware/templates/rescues/routing_error.erb within rescues/layout (1.0ms)


Started GET "/admin" for 127.0.0.1 at 2012-04-03 15:37:51 +0700

ActionController::RoutingError (No route matches [GET] "/admin"):
  actionpack (3.2.1) lib/action_dispatch/middleware/debug_exceptions.rb:21:in `call'
  actionpack (3.2.1) lib/action_dispatch/middleware/show_exceptions.rb:56:in `call'
  railties (3.2.1) lib/rails/rack/logger.rb:26:in `call_app'
  railties (3.2.1) lib/rails/rack/logger.rb:16:in `call'
  actionpack (3.2.1) lib/action_dispatch/middleware/request_id.rb:22:in `call'
  rack (1.4.1) lib/rack/methodoverride.rb:21:in `call'
  rack (1.4.1) lib/rack/runtime.rb:17:in `call'
  activesupport (3.2.1) lib/active_support/cache/strategy/local_cache.rb:72:in `call'
  rack (1.4.1) lib/rack/lock.rb:15:in `call'
  actionpack (3.2.1) lib/action_dispatch/middleware/static.rb:53:in `call'
  railties (3.2.1) lib/rails/engine.rb:479:in `call'
  railties (3.2.1) lib/rails/application.rb:220:in `call'
  rack (1.4.1) lib/rack/content_length.rb:14:in `call'
  railties (3.2.1) lib/rails/rack/log_tailer.rb:14:in `call'
  rack (1.4.1) lib/rack/handler/webrick.rb:59:in `service'
  C:/Ruby19/lib/ruby/1.9.1/webrick/httpserver.rb:138:in `service'
  C:/Ruby19/lib/ruby/1.9.1/webrick/httpserver.rb:94:in `run'
  C:/Ruby19/lib/ruby/1.9.1/webrick/server.rb:191:in `block in start_thread'


  Rendered C:/Ruby19/lib/ruby/gems/1.9.1/gems/actionpack-3.2.1/lib/action_dispatch/middleware/templates/rescues/routing_error.erb within rescues/layout (1.0ms)


Started GET "/admin" for 127.0.0.1 at 2012-04-03 15:37:53 +0700

ActionController::RoutingError (No route matches [GET] "/admin"):
  actionpack (3.2.1) lib/action_dispatch/middleware/debug_exceptions.rb:21:in `call'
  actionpack (3.2.1) lib/action_dispatch/middleware/show_exceptions.rb:56:in `call'
  railties (3.2.1) lib/rails/rack/logger.rb:26:in `call_app'
  railties (3.2.1) lib/rails/rack/logger.rb:16:in `call'
  actionpack (3.2.1) lib/action_dispatch/middleware/request_id.rb:22:in `call'
  rack (1.4.1) lib/rack/methodoverride.rb:21:in `call'
  rack (1.4.1) lib/rack/runtime.rb:17:in `call'
  activesupport (3.2.1) lib/active_support/cache/strategy/local_cache.rb:72:in `call'
  rack (1.4.1) lib/rack/lock.rb:15:in `call'
  actionpack (3.2.1) lib/action_dispatch/middleware/static.rb:53:in `call'
  railties (3.2.1) lib/rails/engine.rb:479:in `call'
  railties (3.2.1) lib/rails/application.rb:220:in `call'
  rack (1.4.1) lib/rack/content_length.rb:14:in `call'
  railties (3.2.1) lib/rails/rack/log_tailer.rb:14:in `call'
  rack (1.4.1) lib/rack/handler/webrick.rb:59:in `service'
  C:/Ruby19/lib/ruby/1.9.1/webrick/httpserver.rb:138:in `service'
  C:/Ruby19/lib/ruby/1.9.1/webrick/httpserver.rb:94:in `run'
  C:/Ruby19/lib/ruby/1.9.1/webrick/server.rb:191:in `block in start_thread'


  Rendered C:/Ruby19/lib/ruby/gems/1.9.1/gems/actionpack-3.2.1/lib/action_dispatch/middleware/templates/rescues/routing_error.erb within rescues/layout (0.0ms)


Started GET "/admin/index" for 127.0.0.1 at 2012-04-03 15:38:54 +0700
Processing by AdminController#index as HTML
Completed 500 Internal Server Error in 2ms

NameError (uninitialized constant AdminController::MainMenu):
  app/controllers/admin_controller.rb:3:in `index'


  Rendered C:/Ruby19/lib/ruby/gems/1.9.1/gems/actionpack-3.2.1/lib/action_dispatch/middleware/templates/rescues/_trace.erb (3.0ms)
  Rendered C:/Ruby19/lib/ruby/gems/1.9.1/gems/actionpack-3.2.1/lib/action_dispatch/middleware/templates/rescues/_request_and_response.erb (1.0ms)
  Rendered C:/Ruby19/lib/ruby/gems/1.9.1/gems/actionpack-3.2.1/lib/action_dispatch/middleware/templates/rescues/diagnostics.erb within rescues/layout (10.0ms)


Started GET "/admin/index" for 127.0.0.1 at 2012-04-03 15:39:53 +0700
Processing by AdminController#index as HTML
Completed 500 Internal Server Error in 2ms

NameError (uninitialized constant AdminController::MainMenu):
  app/controllers/admin_controller.rb:3:in `index'


  Rendered C:/Ruby19/lib/ruby/gems/1.9.1/gems/actionpack-3.2.1/lib/action_dispatch/middleware/templates/rescues/_trace.erb (3.0ms)
  Rendered C:/Ruby19/lib/ruby/gems/1.9.1/gems/actionpack-3.2.1/lib/action_dispatch/middleware/templates/rescues/_request_and_response.erb (1.0ms)
  Rendered C:/Ruby19/lib/ruby/gems/1.9.1/gems/actionpack-3.2.1/lib/action_dispatch/middleware/templates/rescues/diagnostics.erb within rescues/layout (30.0ms)


Started GET "/admin/index" for 127.0.0.1 at 2012-04-03 15:39:56 +0700
Processing by AdminController#index as HTML
Completed 500 Internal Server Error in 4ms

NameError (uninitialized constant AdminController::MainMenu):
  app/controllers/admin_controller.rb:3:in `index'


  Rendered C:/Ruby19/lib/ruby/gems/1.9.1/gems/actionpack-3.2.1/lib/action_dispatch/middleware/templates/rescues/_trace.erb (3.0ms)
  Rendered C:/Ruby19/lib/ruby/gems/1.9.1/gems/actionpack-3.2.1/lib/action_dispatch/middleware/templates/rescues/_request_and_response.erb (2.0ms)
  Rendered C:/Ruby19/lib/ruby/gems/1.9.1/gems/actionpack-3.2.1/lib/action_dispatch/middleware/templates/rescues/diagnostics.erb within rescues/layout (10.0ms)


Started GET "/admin/index" for 127.0.0.1 at 2012-04-03 15:41:03 +0700
Processing by AdminController#index as HTML
  Rendered admin/index.html.erb within layouts/application (1.0ms)
Compiled admin.css  (91ms)  (pid 5040)
Compiled application.css  (222ms)  (pid 5040)
Compiled jquery.js  (10ms)  (pid 5040)
Compiled jquery_ujs.js  (1ms)  (pid 5040)
Compiled admin.js  (1565ms)  (pid 5040)
Compiled application.js  (1955ms)  (pid 5040)
Completed 200 OK in 2480ms (Views: 2479.1ms | ActiveRecord: 0.0ms)


Started GET "/assets/application.css?body=1" for 127.0.0.1 at 2012-04-03 15:41:05 +0700
Served asset /application.css - 304 Not Modified (6ms)


Started GET "/assets/admin.css?body=1" for 127.0.0.1 at 2012-04-03 15:41:05 +0700
Served asset /admin.css - 304 Not Modified (3ms)


Started GET "/assets/jquery.js?body=1" for 127.0.0.1 at 2012-04-03 15:41:06 +0700
Served asset /jquery.js - 304 Not Modified (8ms)


Started GET "/assets/jquery_ujs.js?body=1" for 127.0.0.1 at 2012-04-03 15:41:06 +0700
Served asset /jquery_ujs.js - 304 Not Modified (3ms)


Started GET "/assets/admin.js?body=1" for 127.0.0.1 at 2012-04-03 15:41:06 +0700
Served asset /admin.js - 304 Not Modified (2ms)


Started GET "/assets/application.js?body=1" for 127.0.0.1 at 2012-04-03 15:41:06 +0700
Served asset /application.js - 200 OK (9ms)


Started GET "/admin/index" for 127.0.0.1 at 2012-04-03 15:42:05 +0700
Processing by AdminController#index as HTML
  Rendered admin/index.html.erb within layouts/application (1.0ms)
Completed 200 OK in 12ms (Views: 12.0ms | ActiveRecord: 0.0ms)


Started GET "/assets/jquery_ujs.js?body=1" for 127.0.0.1 at 2012-04-03 15:42:05 +0700
Served asset /jquery_ujs.js - 304 Not Modified (1ms)


Started GET "/assets/admin.css?body=1" for 127.0.0.1 at 2012-04-03 15:42:05 +0700
Served asset /admin.css - 304 Not Modified (0ms)


Started GET "/assets/application.css?body=1" for 127.0.0.1 at 2012-04-03 15:42:05 +0700
Served asset /application.css - 304 Not Modified (0ms)


Started GET "/assets/jquery.js?body=1" for 127.0.0.1 at 2012-04-03 15:42:05 +0700
Served asset /jquery.js - 304 Not Modified (0ms)


Started GET "/assets/admin.js?body=1" for 127.0.0.1 at 2012-04-03 15:42:05 +0700
Served asset /admin.js - 304 Not Modified (0ms)


Started GET "/assets/application.js?body=1" for 127.0.0.1 at 2012-04-03 15:42:05 +0700
Served asset /application.js - 304 Not Modified (0ms)


Started GET "/admin/index" for 127.0.0.1 at 2012-04-03 15:45:42 +0700
Processing by AdminController#index as HTML
  Rendered admin/index.html.erb within layouts/application (1.0ms)
Completed 200 OK in 9ms (Views: 9.0ms | ActiveRecord: 0.0ms)


Started GET "/assets/application.css?body=1" for 127.0.0.1 at 2012-04-03 15:45:42 +0700
Served asset /application.css - 304 Not Modified (0ms)


Started GET "/assets/jquery.js?body=1" for 127.0.0.1 at 2012-04-03 15:45:43 +0700
Served asset /jquery.js - 304 Not Modified (0ms)


Started GET "/assets/admin.js?body=1" for 127.0.0.1 at 2012-04-03 15:45:43 +0700
Served asset /admin.js - 304 Not Modified (0ms)


Started GET "/assets/jquery_ujs.js?body=1" for 127.0.0.1 at 2012-04-03 15:45:43 +0700
Served asset /jquery_ujs.js - 304 Not Modified (0ms)


Started GET "/assets/admin.css?body=1" for 127.0.0.1 at 2012-04-03 15:45:43 +0700
Served asset /admin.css - 304 Not Modified (0ms)


Started GET "/assets/application.js?body=1" for 127.0.0.1 at 2012-04-03 15:45:43 +0700
Served asset /application.js - 304 Not Modified (0ms)


Started GET "/admin/index" for 127.0.0.1 at 2012-04-03 15:45:50 +0700
Processing by AdminController#index as HTML
  Rendered admin/index.html.erb within layouts/application (0.0ms)
Completed 200 OK in 11ms (Views: 10.0ms | ActiveRecord: 0.0ms)


Started GET "/assets/admin.css?body=1" for 127.0.0.1 at 2012-04-03 15:45:50 +0700
Served asset /admin.css - 304 Not Modified (0ms)


Started GET "/assets/admin.js?body=1" for 127.0.0.1 at 2012-04-03 15:45:50 +0700
Served asset /admin.js - 304 Not Modified (0ms)


Started GET "/assets/jquery_ujs.js?body=1" for 127.0.0.1 at 2012-04-03 15:45:50 +0700
Served asset /jquery_ujs.js - 304 Not Modified (0ms)


Started GET "/assets/application.css?body=1" for 127.0.0.1 at 2012-04-03 15:45:50 +0700
Served asset /application.css - 304 Not Modified (0ms)


Started GET "/assets/jquery.js?body=1" for 127.0.0.1 at 2012-04-03 15:45:50 +0700
Served asset /jquery.js - 304 Not Modified (1ms)


Started GET "/assets/application.js?body=1" for 127.0.0.1 at 2012-04-03 15:45:50 +0700
Served asset /application.js - 304 Not Modified (0ms)


Started GET "/admin/index" for 127.0.0.1 at 2012-04-03 15:45:53 +0700
Processing by AdminController#index as HTML
  Rendered admin/index.html.erb within layouts/application (1.0ms)
Completed 200 OK in 8ms (Views: 8.0ms | ActiveRecord: 0.0ms)


Started GET "/assets/admin.js?body=1" for 127.0.0.1 at 2012-04-03 15:45:53 +0700
Served asset /admin.js - 304 Not Modified (0ms)


Started GET "/assets/jquery.js?body=1" for 127.0.0.1 at 2012-04-03 15:45:53 +0700
Served asset /jquery.js - 304 Not Modified (0ms)


Started GET "/assets/application.css?body=1" for 127.0.0.1 at 2012-04-03 15:45:53 +0700
Served asset /application.css - 304 Not Modified (0ms)


Started GET "/assets/jquery_ujs.js?body=1" for 127.0.0.1 at 2012-04-03 15:45:53 +0700
Served asset /jquery_ujs.js - 304 Not Modified (0ms)


Started GET "/assets/admin.css?body=1" for 127.0.0.1 at 2012-04-03 15:45:53 +0700
Served asset /admin.css - 304 Not Modified (0ms)


Started GET "/assets/application.js?body=1" for 127.0.0.1 at 2012-04-03 15:45:53 +0700
Served asset /application.js - 304 Not Modified (0ms)


Started GET "/admin/index" for 127.0.0.1 at 2012-04-03 15:45:59 +0700
Processing by AdminController#index as HTML
  Rendered admin/index.html.erb within layouts/application (1.0ms)
Completed 200 OK in 19ms (Views: 19.0ms | ActiveRecord: 0.0ms)


Started GET "/assets/application.css?body=1" for 127.0.0.1 at 2012-04-03 15:45:59 +0700
Served asset /application.css - 304 Not Modified (1ms)


Started GET "/assets/admin.js?body=1" for 127.0.0.1 at 2012-04-03 15:45:59 +0700
Served asset /admin.js - 304 Not Modified (0ms)


Started GET "/assets/jquery_ujs.js?body=1" for 127.0.0.1 at 2012-04-03 15:45:59 +0700
Served asset /jquery_ujs.js - 304 Not Modified (0ms)


Started GET "/assets/admin.css?body=1" for 127.0.0.1 at 2012-04-03 15:45:59 +0700
Served asset /admin.css - 304 Not Modified (0ms)


Started GET "/assets/jquery.js?body=1" for 127.0.0.1 at 2012-04-03 15:45:59 +0700
Served asset /jquery.js - 304 Not Modified (0ms)


Started GET "/assets/application.js?body=1" for 127.0.0.1 at 2012-04-03 15:45:59 +0700
Served asset /application.js - 304 Not Modified (0ms)


Started GET "/admin/index" for 127.0.0.1 at 2012-04-03 15:47:16 +0700
Processing by AdminController#index as HTML
  Rendered admin/index.html.erb within layouts/application (1.0ms)
Completed 200 OK in 9ms (Views: 9.0ms | ActiveRecord: 0.0ms)


Started GET "/assets/application.css?body=1" for 127.0.0.1 at 2012-04-03 15:47:16 +0700
Served asset /application.css - 304 Not Modified (0ms)


Started GET "/assets/jquery.js?body=1" for 127.0.0.1 at 2012-04-03 15:47:16 +0700
Served asset /jquery.js - 304 Not Modified (0ms)


Started GET "/assets/admin.js?body=1" for 127.0.0.1 at 2012-04-03 15:47:16 +0700
Served asset /admin.js - 304 Not Modified (0ms)


Started GET "/assets/jquery_ujs.js?body=1" for 127.0.0.1 at 2012-04-03 15:47:16 +0700
Served asset /jquery_ujs.js - 304 Not Modified (0ms)


Started GET "/assets/admin.css?body=1" for 127.0.0.1 at 2012-04-03 15:47:16 +0700
Served asset /admin.css - 304 Not Modified (0ms)


Started GET "/assets/application.js?body=1" for 127.0.0.1 at 2012-04-03 15:47:16 +0700
Served asset /application.js - 304 Not Modified (0ms)
